<?xml version="1.0" encoding="UTF-8"?>
<!-- Generated by org.testng.reporters.JUnitXMLReporter -->
<testsuite hostname="hydws102709" name="Memdesk Login" tests="1" failures="0" timestamp="27 Dec 2019 06:53:13 GMT" time="16.928" errors="0">
  <testcase name="@BeforeMethod setUp" time="0.0" classname="com.qa.memdesk.testcases.LoginPageTest">
    <failure type="org.openqa.selenium.SessionNotCreatedException" message="session not created
from chrome not reachable
  (Session info: chrome=78.0.3904.108)
Build info: version: &amp;apos;3.141.59&amp;apos;, revision: &amp;apos;e82be7d358&amp;apos;, time: &amp;apos;2018-11-14T08:17:03&amp;apos;
System info: host: &amp;apos;HYDWS102709&amp;apos;, ip: &amp;apos;10.103.10.74&amp;apos;, os.name: &amp;apos;Windows 10&amp;apos;, os.arch: &amp;apos;amd64&amp;apos;, os.version: &amp;apos;10.0&amp;apos;, java.version: &amp;apos;1.8.0_212-1-ojdkbuild&amp;apos;
Driver info: driver.version: ChromeDriver
remote stacktrace: Backtrace:
	Ordinal0 [0x001FA903+1550595]
	Ordinal0 [0x0017A701+1025793]
	Ordinal0 [0x000FC58E+509326]
	Ordinal0 [0x000F62C2+484034]
	Ordinal0 [0x000F699B+485787]
	Ordinal0 [0x000F7B05+490245]
	Ordinal0 [0x000F3A85+473733]
	Ordinal0 [0x000FD330+512816]
	Ordinal0 [0x000AB649+177737]
	Ordinal0 [0x000AA8ED+174317]
	Ordinal0 [0x000A8CDB+167131]
	Ordinal0 [0x0009144A+70730]
	Ordinal0 [0x000924D0+74960]
	Ordinal0 [0x00092469+74857]
	Ordinal0 [0x001942C7+1131207]
	GetHandleVerifier [0x002970FD+523789]
	GetHandleVerifier [0x00296E90+523168]
	GetHandleVerifier [0x0029E1E7+552695]
	GetHandleVerifier [0x002978FA+525834]
	Ordinal0 [0x0018B7FC+1095676]
	Ordinal0 [0x0019633B+1139515]
	Ordinal0 [0x001964A3+1139875]
	Ordinal0 [0x00195425+1135653]
	BaseThreadInitThunk [0x76B46359+25]
	RtlGetAppContainerNamedObjectPath [0x77657B74+228]
	RtlGetAppContainerNamedObjectPath [0x77657B44+180]
	(No symbol) [0x00000000]
">
      <![CDATA[org.openqa.selenium.SessionNotCreatedException: session not created
from chrome not reachable
  (Session info: chrome=78.0.3904.108)
Build info: version: '3.141.59', revision: 'e82be7d358', time: '2018-11-14T08:17:03'
System info: host: 'HYDWS102709', ip: '10.103.10.74', os.name: 'Windows 10', os.arch: 'amd64', os.version: '10.0', java.version: '1.8.0_212-1-ojdkbuild'
Driver info: driver.version: ChromeDriver
remote stacktrace: Backtrace:
	Ordinal0 [0x001FA903+1550595]
	Ordinal0 [0x0017A701+1025793]
	Ordinal0 [0x000FC58E+509326]
	Ordinal0 [0x000F62C2+484034]
	Ordinal0 [0x000F699B+485787]
	Ordinal0 [0x000F7B05+490245]
	Ordinal0 [0x000F3A85+473733]
	Ordinal0 [0x000FD330+512816]
	Ordinal0 [0x000AB649+177737]
	Ordinal0 [0x000AA8ED+174317]
	Ordinal0 [0x000A8CDB+167131]
	Ordinal0 [0x0009144A+70730]
	Ordinal0 [0x000924D0+74960]
	Ordinal0 [0x00092469+74857]
	Ordinal0 [0x001942C7+1131207]
	GetHandleVerifier [0x002970FD+523789]
	GetHandleVerifier [0x00296E90+523168]
	GetHandleVerifier [0x0029E1E7+552695]
	GetHandleVerifier [0x002978FA+525834]
	Ordinal0 [0x0018B7FC+1095676]
	Ordinal0 [0x0019633B+1139515]
	Ordinal0 [0x001964A3+1139875]
	Ordinal0 [0x00195425+1135653]
	BaseThreadInitThunk [0x76B46359+25]
	RtlGetAppContainerNamedObjectPath [0x77657B74+228]
	RtlGetAppContainerNamedObjectPath [0x77657B44+180]
	(No symbol) [0x00000000]

	at org.openqa.selenium.remote.W3CHandshakeResponse.lambda$errorHandler$0(W3CHandshakeResponse.java:62)
	at org.openqa.selenium.remote.HandshakeResponse.lambda$getResponseFunction$0(HandshakeResponse.java:30)
	at org.openqa.selenium.remote.ProtocolHandshake.lambda$createSession$0(ProtocolHandshake.java:126)
	at java.util.stream.ReferencePipeline$3$1.accept(ReferencePipeline.java:193)
	at java.util.Spliterators$ArraySpliterator.tryAdvance(Spliterators.java:958)
	at java.util.stream.ReferencePipeline.forEachWithCancel(ReferencePipeline.java:126)
	at java.util.stream.AbstractPipeline.copyIntoWithCancel(AbstractPipeline.java:499)
	at java.util.stream.AbstractPipeline.copyInto(AbstractPipeline.java:486)
	at java.util.stream.AbstractPipeline.wrapAndCopyInto(AbstractPipeline.java:472)
	at java.util.stream.FindOps$FindOp.evaluateSequential(FindOps.java:152)
	at java.util.stream.AbstractPipeline.evaluate(AbstractPipeline.java:234)
	at java.util.stream.ReferencePipeline.findFirst(ReferencePipeline.java:464)
	at org.openqa.selenium.remote.ProtocolHandshake.createSession(ProtocolHandshake.java:128)
	at org.openqa.selenium.remote.ProtocolHandshake.createSession(ProtocolHandshake.java:74)
	at org.openqa.selenium.remote.HttpCommandExecutor.execute(HttpCommandExecutor.java:136)
	at org.openqa.selenium.remote.service.DriverCommandExecutor.execute(DriverCommandExecutor.java:83)
	at org.openqa.selenium.remote.RemoteWebDriver.execute(RemoteWebDriver.java:552)
	at org.openqa.selenium.remote.RemoteWebDriver.startSession(RemoteWebDriver.java:213)
	at org.openqa.selenium.remote.RemoteWebDriver.<init>(RemoteWebDriver.java:131)
	at org.openqa.selenium.chrome.ChromeDriver.<init>(ChromeDriver.java:181)
	at org.openqa.selenium.chrome.ChromeDriver.<init>(ChromeDriver.java:168)
	at org.openqa.selenium.chrome.ChromeDriver.<init>(ChromeDriver.java:157)
	at com.qa.memdesk.base.TestBase.initialization(TestBase.java:54)
	at com.qa.memdesk.testcases.LoginPageTest.setUp(LoginPageTest.java:19)
... Removed 30 stack frames]]>
    </failure>
  </testcase> <!-- @BeforeMethod setUp -->
  <testcase name="@AfterMethod tearDown" time="0.0" classname="com.qa.memdesk.testcases.LoginPageTest">
    <skipped/>
  </testcase> <!-- @AfterMethod tearDown -->
  <testcase name="validateLoginPageTitle" time="0.006" classname="com.qa.memdesk.testcases.LoginPageTest">
    <skipped/>
  </testcase> <!-- validateLoginPageTitle -->
</testsuite> <!-- Memdesk Login -->
