<?xml version="1.0" encoding="UTF-8"?>
<!-- Generated by org.testng.reporters.JUnitXMLReporter -->
<testsuite hostname="hydws102709" name="Memdesk Login(failed)" tests="1" failures="1" timestamp="17 Sep 2019 05:07:19 GMT" time="30.836" errors="0">
  <testcase name="verifyMemberId" time="3.788" classname="com.qa.memdesk.testcases.HomePageTest">
    <failure type="java.lang.AssertionError" message="expected [jfaux_hh_testing] but found []">
      <![CDATA[java.lang.AssertionError: expected [jfaux_hh_testing] but found []
	at com.qa.memdesk.testcases.HomePageTest.verifyMemberId(HomePageTest.java:32)
... Removed 29 stack frames]]>
    </failure>
  </testcase> <!-- verifyMemberId -->
</testsuite> <!-- Memdesk Login(failed) -->
